<?xml version="1.0" encoding="UTF-8" ?>
<testsuite tests="5" failures="0" name="CalculatorTest" time="0.017" errors="0" skipped="0">
  <properties>
[...]
</properties>
  <testcase classname="CalculatorTest" name="testDivideByZero" time="0.008"/>
  <testcase classname="CalculatorTest" name="testAdd" time="0.001"/>
  <testcase classname="CalculatorTest" name="testSubtract" time="0.002"/>
  <testcase classname="CalculatorTest" name="testDivide" time="0.004"/>
  <testcase classname="CalculatorTest" name="testMultiply" time="0.002"/>
</testsuite>